<?xml version="1.0" encoding="UTF-8"?>
<!-- Generated by org.testng.reporters.JUnitReportReporter -->
<testsuite hostname="Lenovo" failures="0" tests="1" name="com.atmecs.telluride.test.BlogPageValidation" time="24.348" errors="0" timestamp="2020-06-26T07:59:41 GMT-07:00" skipped="0">
  <testcase classname="com.atmecs.telluride.test.BlogPageValidation" name="blogPageValidation" time="24.348"/>
  <system-out/>
</testsuite> <!-- com.atmecs.telluride.test.BlogPageValidation -->
