<?xml version="1.0" encoding="UTF-8"?>
<!-- Generated by org.testng.reporters.JUnitReportReporter -->
<testsuite hostname="Lenovo" failures="0" tests="1" name="com.atmecs.telluride.test.BlogPageValidation" time="12.218" errors="0" timestamp="2020-06-28T22:58:07 GMT-07:00" skipped="0">
  <testcase classname="com.atmecs.telluride.test.BlogPageValidation" name="blogPageValidation" time="12.218"/>
  <system-out/>
</testsuite> <!-- com.atmecs.telluride.test.BlogPageValidation -->
