<?xml version="1.0" encoding="UTF-8"?>
<!-- Generated by org.testng.reporters.JUnitReportReporter -->
<testsuite hostname="Lenovo" failures="0" tests="1" name="com.atmecs.orangehr.tests.HomePageValidation" time="9.568" errors="0" timestamp="2020-08-07T09:48:57 GMT-07:00" skipped="0">
  <testcase classname="com.atmecs.orangehr.tests.HomePageValidation" name="validatePurchase" time="9.568"/>
  <system-out/>
</testsuite> <!-- com.atmecs.orangehr.tests.HomePageValidation -->
