<?xml version="1.0" encoding="UTF-8"?>
<!-- Generated by org.testng.reporters.JUnitReportReporter -->
<testsuite hostname="Lenovo" failures="0" tests="1" name="com.atmecs.action.test.Register" time="1.839" errors="0" timestamp="2020-05-29T08:32:41 GMT-07:00" skipped="0">
  <testcase classname="com.atmecs.action.test.Register" name="enterDetails" time="1.839"/>
  <system-out/>
</testsuite> <!-- com.atmecs.action.test.Register -->
