<?xml version="1.0" encoding="UTF-8"?>
<!-- Generated by org.testng.reporters.JUnitReportReporter -->
<testsuite hostname="Lenovo" failures="0" tests="2" name="com.atmecs.heatclinic.tests.PurchaseMerchandice" time="12.808" errors="0" timestamp="2020-06-08T08:15:51 GMT-07:00" skipped="0">
  <testcase classname="com.atmecs.heatclinic.tests.PurchaseMerchandice" name="addProduct" time="4.940"/>
  <system-out/>
  <testcase classname="com.atmecs.heatclinic.tests.PurchaseMerchandice" name="modifyProduct" time="7.868"/>
  <system-out/>
</testsuite> <!-- com.atmecs.heatclinic.tests.PurchaseMerchandice -->
