<?xml version="1.0" encoding="UTF-8"?>
<!-- Generated by org.testng.reporters.JUnitReportReporter -->
<testsuite hostname="Lenovo" failures="0" tests="1" name="com.selenium.demosite.test.WindowsHandler" time="74.811" errors="0" timestamp="2020-04-22T08:20:24 GMT-07:00" skipped="0">
  <testcase classname="com.selenium.demosite.test.WindowsHandler" name="getWebelements" time="74.811"/>
  <system-out/>
</testsuite> <!-- com.selenium.demosite.test.WindowsHandler -->
