<?xml version="1.0" encoding="UTF-8"?>
<!-- Generated by org.testng.reporters.JUnitReportReporter -->
<testsuite hostname="Lenovo" failures="0" tests="1" name="com.atmecs.helperclasses.ParallelDemo1" time="30.516" errors="0" timestamp="2020-08-10T09:41:49 GMT-07:00" skipped="0">
  <testcase classname="com.atmecs.helperclasses.ParallelDemo1" name="logIn" time="30.516"/>
  <system-out/>
</testsuite> <!-- com.atmecs.helperclasses.ParallelDemo1 -->
