<?xml version="1.0" encoding="UTF-8"?>
<!-- Generated by org.testng.reporters.JUnitReportReporter -->
<testsuite hostname="Lenovo" failures="0" tests="1" name="com.atmecs.helperclasses.ParallelDemo2" time="14.984" errors="0" timestamp="2020-08-10T09:41:49 GMT-07:00" skipped="0">
  <testcase classname="com.atmecs.helperclasses.ParallelDemo2" name="launch" time="14.984"/>
  <system-out/>
</testsuite> <!-- com.atmecs.helperclasses.ParallelDemo2 -->
