<?xml version="1.0" encoding="UTF-8"?>
<!-- Generated by org.testng.reporters.JUnitReportReporter -->
<testsuite hostname="Lenovo" failures="0" tests="1" name="com.atmecs.orangehrm.tests.WebTableValidation" time="11.192" errors="0" timestamp="2020-04-09T08:51:25 GMT-07:00" skipped="0">
  <testcase classname="com.atmecs.orangehrm.tests.WebTableValidation" name="validatePurchase" time="11.192"/>
  <system-out/>
</testsuite> <!-- com.atmecs.orangehrm.tests.WebTableValidation -->
