<?xml version="1.0" encoding="UTF-8"?>
<!-- Generated by org.testng.reporters.JUnitReportReporter -->
<testsuite hostname="Lenovo" failures="0" tests="5" name="com.atmecs.insurencedemo.tests.PurchaseQuote" time="22.148" errors="0" timestamp="2020-08-10T06:56:27 GMT-07:00" skipped="0">
  <testcase classname="com.atmecs.insurencedemo.tests.PurchaseQuote" name="purchasQuote" time="1.167"/>
  <system-out/>
  <testcase classname="com.atmecs.insurencedemo.tests.PurchaseQuote" name="entervehicleInformation" time="1.394"/>
  <system-out/>
  <testcase classname="com.atmecs.insurencedemo.tests.PurchaseQuote" name="enterPersonalInformation" time="14.272"/>
  <system-out/>
  <testcase classname="com.atmecs.insurencedemo.tests.PurchaseQuote" name="enterAutomobileInformation" time="5.014"/>
  <system-out/>
  <testcase classname="com.atmecs.insurencedemo.tests.PurchaseQuote" name="validInfo" time="0.301"/>
  <system-out/>
</testsuite> <!-- com.atmecs.insurencedemo.tests.PurchaseQuote -->
