<?xml version="1.0" encoding="UTF-8"?>
<!-- Generated by org.testng.reporters.JUnitReportReporter -->
<testsuite hostname="Lenovo" failures="0" tests="3" name="com.atmecs.insurencedemo.tests.UserRegisteration" time="35.092" errors="0" timestamp="2020-06-17T05:20:00 GMT-07:00" skipped="0">
  <testcase classname="com.atmecs.insurencedemo.tests.UserRegisteration" name="titleValidation" time="18.136"/>
  <system-out/>
  <testcase classname="com.atmecs.insurencedemo.tests.UserRegisteration" name="register" time="14.383"/>
  <system-out/>
  <testcase classname="com.atmecs.insurencedemo.tests.UserRegisteration" name="getInfo" time="2.573"/>
  <system-out/>
</testsuite> <!-- com.atmecs.insurencedemo.tests.UserRegisteration -->
