<?xml version="1.0" encoding="UTF-8"?>
<!-- Generated by org.testng.reporters.JUnitReportReporter -->
<testsuite hostname="Lenovo" failures="0" tests="1" name="com.atmecs.insurencedemo.tests.HomePageValidation" time="1.298" errors="0" timestamp="2020-08-10T06:56:27 GMT-07:00" skipped="0">
  <testcase classname="com.atmecs.insurencedemo.tests.HomePageValidation" name="validateHomePage" time="1.298"/>
  <system-out/>
</testsuite> <!-- com.atmecs.insurencedemo.tests.HomePageValidation -->
